<?xml version="1.0" encoding="UTF-8"?>
<!-- Generated by org.testng.reporters.JUnitReportReporter -->
<testsuite skipped="1" hostname="DESKTOP-SR6CLN1" name="testSuites.SignIn_TestRunner" tests="1" failures="0" timestamp="13 Jan 2021 08:08:23 GMT" time="46.995" errors="0">
  <testcase name="run_cukes" time="46.995" classname="testSuites.SignIn_TestRunner">
    <skipped/>
  </testcase> <!-- run_cukes -->
</testsuite> <!-- testSuites.SignIn_TestRunner -->
