<?xml version="1.0" encoding="UTF-8"?>
<!-- Generated by org.testng.reporters.JUnitReportReporter -->
<testsuite skipped="0" hostname="DESKTOP-SR6CLN1" name="testSuites.ForgotPassword_TestRunner" tests="1" failures="0" timestamp="13 Jan 2021 08:08:23 GMT" time="22.730" errors="0">
  <testcase name="run_cukes" time="22.730" classname="testSuites.ForgotPassword_TestRunner"/>
</testsuite> <!-- testSuites.ForgotPassword_TestRunner -->
